2023-04-14 08:03:32,141 - INFO - Training model: TSSD
2023-04-14 08:03:32,142 - INFO - Input feature : wave
2023-04-14 08:03:32,142 - INFO - Model kwargs  : {
  "in_dim": 64600,
  "device": "cuda"
}
2023-04-14 08:03:32,145 - INFO - Loading data...
2023-04-14 08:03:32,285 - INFO - Loading data from /mnt/Data/real...!
2023-04-14 08:03:32,589 - INFO - Loading data from /mnt/Data/fake/ljspeech_melgan...!
2023-04-14 08:03:32,730 - INFO - Loading data from /mnt/Data/fake/ljspeech_full_band_melgan...!
2023-04-14 08:03:32,895 - INFO - Loading data from /mnt/Data/fake/ljspeech_hifiGAN...!
2023-04-14 08:03:33,046 - INFO - Loading data from /mnt/Data/fake/ljspeech_melgan_large...!
2023-04-14 08:03:33,289 - INFO - Loading data from /mnt/Data/fake/ljspeech_multi_band_melgan...!
2023-04-14 08:03:33,465 - INFO - Loading data from /mnt/Data/fake/ljspeech_parallel_wavegan...!
2023-04-14 08:03:33,618 - INFO - Loading data from /mnt/Data/fake/ljspeech_waveglow...!
2023-04-14 08:03:33,620 - INFO - Training model on 88294 audio files.
2023-04-14 08:03:33,621 - INFO - Testing model on  5240 audio files.
2023-04-14 08:03:33,621 - INFO - Train/Test ratio: 16.85
2023-04-14 08:03:33,622 - INFO - Real/Fake ratio in training: 0.135 (pos_weight)
2023-04-14 08:04:04,996 - INFO - Model summary:
==========================================================================================
Layer (type:depth-idx)                   Output Shape              Param #
==========================================================================================
TSSD                                     [64, 1]                   --
├─Conv1d: 1-1                            [64, 16, 64600]           112
├─BatchNorm1d: 1-2                       [64, 16, 64600]           32
├─RSM1D: 1-3                             [64, 32, 16150]           --
│    └─Conv1d: 2-1                       [64, 32, 16150]           1,536
│    └─BatchNorm1d: 2-2                  [64, 32, 16150]           64
│    └─Conv1d: 2-3                       [64, 32, 16150]           3,072
│    └─BatchNorm1d: 2-4                  [64, 32, 16150]           64
│    └─Conv1d: 2-5                       [64, 32, 16150]           3,072
│    └─Conv1d: 2-6                       [64, 32, 16150]           512
│    └─BatchNorm1d: 2-7                  [64, 32, 16150]           64
├─RSM1D: 1-4                             [64, 64, 4037]            --
│    └─Conv1d: 2-8                       [64, 64, 4037]            6,144
│    └─BatchNorm1d: 2-9                  [64, 64, 4037]            128
│    └─Conv1d: 2-10                      [64, 64, 4037]            12,288
│    └─BatchNorm1d: 2-11                 [64, 64, 4037]            128
│    └─Conv1d: 2-12                      [64, 64, 4037]            12,288
│    └─Conv1d: 2-13                      [64, 64, 4037]            2,048
│    └─BatchNorm1d: 2-14                 [64, 64, 4037]            128
├─RSM1D: 1-5                             [64, 128, 1009]           --
│    └─Conv1d: 2-15                      [64, 128, 1009]           24,576
│    └─BatchNorm1d: 2-16                 [64, 128, 1009]           256
│    └─Conv1d: 2-17                      [64, 128, 1009]           49,152
│    └─BatchNorm1d: 2-18                 [64, 128, 1009]           256
│    └─Conv1d: 2-19                      [64, 128, 1009]           49,152
│    └─Conv1d: 2-20                      [64, 128, 1009]           8,192
│    └─BatchNorm1d: 2-21                 [64, 128, 1009]           256
├─RSM1D: 1-6                             [64, 128, 252]            --
│    └─Conv1d: 2-22                      [64, 128, 252]            49,152
│    └─BatchNorm1d: 2-23                 [64, 128, 252]            256
│    └─Conv1d: 2-24                      [64, 128, 252]            49,152
│    └─BatchNorm1d: 2-25                 [64, 128, 252]            256
│    └─Conv1d: 2-26                      [64, 128, 252]            49,152
│    └─Conv1d: 2-27                      [64, 128, 252]            16,384
│    └─BatchNorm1d: 2-28                 [64, 128, 252]            256
├─Linear: 1-7                            [64, 64]                  8,256
├─Linear: 1-8                            [64, 32]                  2,080
├─Linear: 1-9                            [64, 1]                   33
==========================================================================================
Total params: 348,497
Trainable params: 348,497
Non-trainable params: 0
Total mult-adds (G): 28.50
==========================================================================================
Input size (MB): 16.54
Forward/backward pass size (MB): 4415.14
Params size (MB): 1.39
Estimated Total Size (MB): 4433.08
==========================================================================================
2023-04-14 09:28:18,988 - INFO - [000]: loss: 0.0878 - train acc: 87.91 - test acc: 50.0 - test eer : 0.5
2023-04-14 09:28:18,994 - INFO - Best Test Accuracy: 50.0
2023-04-14 09:28:22,102 - INFO - Best Model Saved: saved/TSSD_wave_O/best.pt
2023-04-14 09:28:22,115 - INFO - Prediction Saved: saved/TSSD_wave_O/best_pred.json
2023-04-14 10:54:14,282 - INFO - [001]: loss: 0.0696 - train acc: 88.21 - test acc: 50.06 - test eer : 0.4997
2023-04-14 10:54:14,290 - INFO - Best Test Accuracy: 50.057
2023-04-14 10:54:17,364 - INFO - Best Model Saved: saved/TSSD_wave_O/best.pt
2023-04-14 10:54:17,376 - INFO - Prediction Saved: saved/TSSD_wave_O/best_pred.json
2023-04-14 12:18:16,386 - INFO - [002]: loss: 0.0593 - train acc: 88.69 - test acc: 51.41 - test eer : 0.4928
2023-04-14 12:18:16,393 - INFO - Best Test Accuracy: 51.412
2023-04-14 12:18:19,461 - INFO - Best Model Saved: saved/TSSD_wave_O/best.pt
2023-04-14 12:18:19,473 - INFO - Prediction Saved: saved/TSSD_wave_O/best_pred.json
2023-04-14 13:41:44,656 - INFO - [003]: loss: 0.0419 - train acc: 91.17 - test acc: 58.4 - test eer : 0.4541
2023-04-14 13:41:44,663 - INFO - Best Test Accuracy: 58.397
2023-04-14 13:41:47,748 - INFO - Best Model Saved: saved/TSSD_wave_O/best.pt
2023-04-14 13:41:47,760 - INFO - Prediction Saved: saved/TSSD_wave_O/best_pred.json
2023-04-14 15:04:13,325 - INFO - [004]: loss: 0.0257 - train acc: 94.76 - test acc: 91.18 - test eer : 0.132
2023-04-14 15:04:13,331 - INFO - Best Test Accuracy: 91.183
2023-04-14 15:04:16,400 - INFO - Best Model Saved: saved/TSSD_wave_O/best.pt
2023-04-14 15:04:16,411 - INFO - Prediction Saved: saved/TSSD_wave_O/best_pred.json
2023-04-14 16:27:16,604 - INFO - [005]: loss: 0.0178 - train acc: 96.5 - test acc: 72.4 - test eer : 0.3554
2023-04-14 17:52:34,955 - INFO - [006]: loss: 0.0134 - train acc: 97.51 - test acc: 92.94 - test eer : 0.1042
2023-04-14 17:52:34,965 - INFO - Best Test Accuracy: 92.939
2023-04-14 17:52:38,043 - INFO - Best Model Saved: saved/TSSD_wave_O/best.pt
2023-04-14 17:52:38,056 - INFO - Prediction Saved: saved/TSSD_wave_O/best_pred.json
2023-04-14 19:18:25,438 - INFO - [007]: loss: 0.0113 - train acc: 97.94 - test acc: 90.23 - test eer : 0.1535
2023-04-14 20:45:35,942 - INFO - [008]: loss: 0.0093 - train acc: 98.3 - test acc: 79.01 - test eer : 0.2953
2023-04-14 22:11:47,077 - INFO - [009]: loss: 0.0082 - train acc: 98.51 - test acc: 94.77 - test eer : 0.0668
2023-04-14 22:11:47,084 - INFO - Best Test Accuracy: 94.771
2023-04-14 22:11:50,236 - INFO - Best Model Saved: saved/TSSD_wave_O/best.pt
2023-04-14 22:11:50,259 - INFO - Prediction Saved: saved/TSSD_wave_O/best_pred.json
