2023-04-12 09:15:17,178 - INFO - Training model: ShallowCNN
2023-04-12 09:15:17,179 - INFO - Input feature : lfcc
2023-04-12 09:15:17,179 - INFO - Model kwargs  : {
  "in_features": 1,
  "out_dim": 1,
  "device": "cuda"
}
2023-04-12 09:15:17,182 - INFO - Loading data...
2023-04-12 09:15:17,319 - INFO - Loading data from /mnt/Data/real...!
2023-04-12 09:15:17,627 - INFO - Loading data from /mnt/Data/fake/ljspeech_melgan...!
2023-04-12 09:15:17,772 - INFO - Loading data from /mnt/Data/fake/ljspeech_full_band_melgan...!
2023-04-12 09:15:17,940 - INFO - Loading data from /mnt/Data/fake/ljspeech_hifiGAN...!
2023-04-12 09:15:18,086 - INFO - Loading data from /mnt/Data/fake/ljspeech_melgan_large...!
2023-04-12 09:15:18,304 - INFO - Loading data from /mnt/Data/fake/ljspeech_multi_band_melgan...!
2023-04-12 09:15:18,471 - INFO - Loading data from /mnt/Data/fake/ljspeech_parallel_wavegan...!
2023-04-12 09:15:18,615 - INFO - Loading data from /mnt/Data/fake/ljspeech_waveglow...!
2023-04-12 09:15:18,617 - INFO - Training model on 88294 audio files.
2023-04-12 09:15:18,617 - INFO - Testing model on  5240 audio files.
2023-04-12 09:15:18,618 - INFO - Train/Test ratio: 16.85
2023-04-12 09:15:18,618 - INFO - Real/Fake ratio in training: 0.135 (pos_weight)
2023-04-12 09:15:48,185 - INFO - Model summary:
==========================================================================================
Layer (type:depth-idx)                   Output Shape              Param #
==========================================================================================
ShallowCNN                               [128, 1]                  --
├─Conv2d: 1-1                            [128, 32, 39, 971]        544
├─MaxPool2d: 1-2                         [128, 32, 19, 485]        --
├─Conv2d: 1-3                            [128, 48, 17, 483]        38,448
├─MaxPool2d: 1-4                         [128, 48, 8, 241]         --
├─Conv2d: 1-5                            [128, 64, 7, 240]         49,216
├─MaxPool2d: 1-6                         [128, 64, 3, 120]         --
├─Conv2d: 1-7                            [128, 128, 4, 119]        65,664
├─MaxPool2d: 1-8                         [128, 128, 2, 59]         --
├─Linear: 1-9                            [128, 128]                1,933,440
├─Linear: 1-10                           [128, 1]                  129
==========================================================================================
Total params: 2,087,441
Trainable params: 2,087,441
Non-trainable params: 0
Total mult-adds (G): 57.88
==========================================================================================
Input size (MB): 19.91
Forward/backward pass size (MB): 1817.10
Params size (MB): 8.35
Estimated Total Size (MB): 1845.36
==========================================================================================
2023-04-12 09:15:48,229 - INFO - Loaded checkpoint from epoch 8
2023-04-12 10:37:30,046 - INFO - [009]: loss: 0.0053 - train acc: 99.16 - test acc: 94.94 - test eer : 0.0647
2023-04-12 10:37:30,047 - INFO - Best Test Accuracy: 94.943
2023-04-12 10:37:33,110 - INFO - Best Model Saved: saved/ShallowCNN_lfcc_O/best.pt
2023-04-12 10:37:33,118 - INFO - Prediction Saved: saved/ShallowCNN_lfcc_O/best_pred.json
2023-04-12 12:01:13,291 - INFO - [010]: loss: 0.0034 - train acc: 99.45 - test acc: 85.71 - test eer : 0.2203
2023-04-12 13:22:45,338 - INFO - [011]: loss: 0.003 - train acc: 99.51 - test acc: 94.54 - test eer : 0.0691
2023-04-12 14:44:24,547 - INFO - [012]: loss: 0.0024 - train acc: 99.59 - test acc: 92.4 - test eer : 0.1219
2023-04-12 16:05:42,246 - INFO - [013]: loss: 0.0031 - train acc: 99.52 - test acc: 89.54 - test eer : 0.1694
