2023-04-11 09:47:10,219 - INFO - Training model: ShallowCNN
2023-04-11 09:47:10,219 - INFO - Input feature : lfcc
2023-04-11 09:47:10,219 - INFO - Model kwargs  : {
  "in_features": 1,
  "out_dim": 1,
  "device": "cuda"
}
2023-04-11 09:47:10,222 - INFO - Loading data...
2023-04-11 09:47:10,371 - INFO - Loading data from /mnt/Data/real...!
2023-04-11 09:47:10,592 - INFO - Loading data from /mnt/Data/fake/ljspeech_melgan...!
2023-04-11 09:47:10,758 - INFO - Loading data from /mnt/Data/fake/ljspeech_full_band_melgan...!
2023-04-11 09:47:10,920 - INFO - Loading data from /mnt/Data/fake/ljspeech_hifiGAN...!
2023-04-11 09:47:11,102 - INFO - Loading data from /mnt/Data/fake/ljspeech_melgan_large...!
2023-04-11 09:47:11,333 - INFO - Loading data from /mnt/Data/fake/ljspeech_multi_band_melgan...!
2023-04-11 09:47:11,485 - INFO - Loading data from /mnt/Data/fake/ljspeech_parallel_wavegan...!
2023-04-11 09:47:11,635 - INFO - Loading data from /mnt/Data/fake/ljspeech_waveglow...!
2023-04-11 09:47:11,637 - INFO - Training model on 88294 audio files.
2023-04-11 09:47:11,638 - INFO - Testing model on  5240 audio files.
2023-04-11 09:47:11,638 - INFO - Train/Test ratio: 16.85
2023-04-11 09:47:11,638 - INFO - Real/Fake ratio in training: 0.135 (pos_weight)
2023-04-11 09:47:32,471 - INFO - Model summary:
==========================================================================================
Layer (type:depth-idx)                   Output Shape              Param #
==========================================================================================
ShallowCNN                               [128, 1]                  --
├─Conv2d: 1-1                            [128, 32, 39, 971]        544
├─MaxPool2d: 1-2                         [128, 32, 19, 485]        --
├─Conv2d: 1-3                            [128, 48, 17, 483]        38,448
├─MaxPool2d: 1-4                         [128, 48, 8, 241]         --
├─Conv2d: 1-5                            [128, 64, 7, 240]         49,216
├─MaxPool2d: 1-6                         [128, 64, 3, 120]         --
├─Conv2d: 1-7                            [128, 128, 4, 119]        65,664
├─MaxPool2d: 1-8                         [128, 128, 2, 59]         --
├─Linear: 1-9                            [128, 128]                1,933,440
├─Linear: 1-10                           [128, 1]                  129
==========================================================================================
Total params: 2,087,441
Trainable params: 2,087,441
Non-trainable params: 0
Total mult-adds (G): 57.88
==========================================================================================
Input size (MB): 19.91
Forward/backward pass size (MB): 1817.10
Params size (MB): 8.35
Estimated Total Size (MB): 1845.36
==========================================================================================
2023-04-11 11:14:49,187 - INFO - [000]: loss: 0.0645 - train acc: 89.38 - test acc: 50.08 - test eer : 0.4996
2023-04-11 11:14:49,193 - INFO - Best Test Accuracy: 50.076
2023-04-11 11:14:52,358 - INFO - Best Model Saved: saved/ShallowCNN_lfcc_O/best.pt
2023-04-11 11:14:52,370 - INFO - Prediction Saved: saved/ShallowCNN_lfcc_O/best_pred.json
2023-04-11 12:41:46,533 - INFO - [001]: loss: 0.0296 - train acc: 94.85 - test acc: 86.32 - test eer : 0.2126
2023-04-11 12:41:46,540 - INFO - Best Test Accuracy: 86.317
2023-04-11 12:41:49,620 - INFO - Best Model Saved: saved/ShallowCNN_lfcc_O/best.pt
2023-04-11 12:41:49,632 - INFO - Prediction Saved: saved/ShallowCNN_lfcc_O/best_pred.json
2023-04-11 14:06:00,762 - INFO - [002]: loss: 0.0679 - train acc: 90.24 - test acc: 50.0 - test eer : 0.5
2023-04-11 15:28:29,388 - INFO - [003]: loss: 0.0322 - train acc: 93.72 - test acc: 90.38 - test eer : 0.1314
2023-04-11 15:28:29,389 - INFO - Best Test Accuracy: 90.382
2023-04-11 15:28:32,472 - INFO - Best Model Saved: saved/ShallowCNN_lfcc_O/best.pt
2023-04-11 15:28:32,485 - INFO - Prediction Saved: saved/ShallowCNN_lfcc_O/best_pred.json
2023-04-11 16:51:56,712 - INFO - [004]: loss: 0.0224 - train acc: 96.8 - test acc: 92.96 - test eer : 0.0742
2023-04-11 16:51:56,712 - INFO - Best Test Accuracy: 92.958
2023-04-11 16:51:59,774 - INFO - Best Model Saved: saved/ShallowCNN_lfcc_O/best.pt
2023-04-11 16:51:59,782 - INFO - Prediction Saved: saved/ShallowCNN_lfcc_O/best_pred.json
2023-04-11 18:15:41,777 - INFO - [005]: loss: 0.0068 - train acc: 98.83 - test acc: 94.5 - test eer : 0.0553
2023-04-11 18:15:41,778 - INFO - Best Test Accuracy: 94.504
2023-04-11 18:15:44,840 - INFO - Best Model Saved: saved/ShallowCNN_lfcc_O/best.pt
2023-04-11 18:15:44,848 - INFO - Prediction Saved: saved/ShallowCNN_lfcc_O/best_pred.json
2023-04-11 19:38:54,926 - INFO - [006]: loss: 0.0084 - train acc: 98.71 - test acc: 94.9 - test eer : 0.0511
2023-04-11 19:38:54,926 - INFO - Best Test Accuracy: 94.905
2023-04-11 19:38:57,984 - INFO - Best Model Saved: saved/ShallowCNN_lfcc_O/best.pt
2023-04-11 19:38:57,992 - INFO - Prediction Saved: saved/ShallowCNN_lfcc_O/best_pred.json
