2023-04-11 19:42:27,304 - INFO - Training model: ShallowCNN
2023-04-11 19:42:27,304 - INFO - Input feature : lfcc
2023-04-11 19:42:27,305 - INFO - Model kwargs  : {
  "in_features": 1,
  "out_dim": 1,
  "device": "cuda"
}
2023-04-11 19:42:27,307 - INFO - Loading data...
2023-04-11 19:42:27,447 - INFO - Loading data from /mnt/Data/real...!
2023-04-11 19:42:27,763 - INFO - Loading data from /mnt/Data/fake/ljspeech_melgan...!
2023-04-11 19:42:27,974 - INFO - Loading data from /mnt/Data/fake/ljspeech_full_band_melgan...!
2023-04-11 19:42:28,141 - INFO - Loading data from /mnt/Data/fake/ljspeech_hifiGAN...!
2023-04-11 19:42:28,340 - INFO - Loading data from /mnt/Data/fake/ljspeech_melgan_large...!
2023-04-11 19:42:28,647 - INFO - Loading data from /mnt/Data/fake/ljspeech_multi_band_melgan...!
2023-04-11 19:42:28,869 - INFO - Loading data from /mnt/Data/fake/ljspeech_parallel_wavegan...!
2023-04-11 19:42:29,077 - INFO - Loading data from /mnt/Data/fake/ljspeech_waveglow...!
2023-04-11 19:42:29,079 - INFO - Training model on 88294 audio files.
2023-04-11 19:42:29,080 - INFO - Testing model on  5240 audio files.
2023-04-11 19:42:29,080 - INFO - Train/Test ratio: 16.85
2023-04-11 19:42:29,080 - INFO - Real/Fake ratio in training: 0.135 (pos_weight)
2023-04-11 19:43:01,193 - INFO - Model summary:
==========================================================================================
Layer (type:depth-idx)                   Output Shape              Param #
==========================================================================================
ShallowCNN                               [128, 1]                  --
├─Conv2d: 1-1                            [128, 32, 39, 971]        544
├─MaxPool2d: 1-2                         [128, 32, 19, 485]        --
├─Conv2d: 1-3                            [128, 48, 17, 483]        38,448
├─MaxPool2d: 1-4                         [128, 48, 8, 241]         --
├─Conv2d: 1-5                            [128, 64, 7, 240]         49,216
├─MaxPool2d: 1-6                         [128, 64, 3, 120]         --
├─Conv2d: 1-7                            [128, 128, 4, 119]        65,664
├─MaxPool2d: 1-8                         [128, 128, 2, 59]         --
├─Linear: 1-9                            [128, 128]                1,933,440
├─Linear: 1-10                           [128, 1]                  129
==========================================================================================
Total params: 2,087,441
Trainable params: 2,087,441
Non-trainable params: 0
Total mult-adds (G): 57.88
==========================================================================================
Input size (MB): 19.91
Forward/backward pass size (MB): 1817.10
Params size (MB): 8.35
Estimated Total Size (MB): 1845.36
==========================================================================================
2023-04-11 19:43:01,237 - INFO - Loaded checkpoint from epoch 6
2023-04-11 21:06:50,599 - INFO - [007]: loss: 0.0062 - train acc: 98.95 - test acc: 94.31 - test eer : 0.0735
2023-04-11 21:06:50,599 - INFO - Best Test Accuracy: 94.313
2023-04-11 21:06:53,662 - INFO - Best Model Saved: saved/ShallowCNN_lfcc_O/best.pt
2023-04-11 21:06:53,670 - INFO - Prediction Saved: saved/ShallowCNN_lfcc_O/best_pred.json
2023-04-11 22:31:19,168 - INFO - [008]: loss: 0.0043 - train acc: 99.29 - test acc: 91.35 - test eer : 0.139
