2023-04-12 04:57:45,981 - INFO - Training model: ShallowCNN
2023-04-12 04:57:45,981 - INFO - Input feature : lfcc
2023-04-12 04:57:45,981 - INFO - Model kwargs  : {
  "in_features": 1,
  "out_dim": 1,
  "device": "cuda"
}
2023-04-12 04:57:45,984 - INFO - Loading data...
2023-04-12 04:57:46,233 - INFO - Loading data from /mnt/Data/real...!
2023-04-12 04:57:46,557 - INFO - Loading data from /mnt/Data/fake/ljspeech_melgan...!
2023-04-12 04:57:46,838 - INFO - Loading data from /mnt/Data/fake/ljspeech_full_band_melgan...!
2023-04-12 04:57:47,133 - INFO - Loading data from /mnt/Data/fake/ljspeech_hifiGAN...!
2023-04-12 04:57:47,420 - INFO - Loading data from /mnt/Data/fake/ljspeech_melgan_large...!
2023-04-12 04:57:47,786 - INFO - Loading data from /mnt/Data/fake/ljspeech_multi_band_melgan...!
2023-04-12 04:57:48,061 - INFO - Loading data from /mnt/Data/fake/ljspeech_parallel_wavegan...!
2023-04-12 04:57:48,320 - INFO - Loading data from /mnt/Data/fake/ljspeech_waveglow...!
2023-04-12 04:57:48,322 - INFO - Training model on 88294 audio files.
2023-04-12 04:57:48,322 - INFO - Testing model on  5240 audio files.
2023-04-12 04:57:48,322 - INFO - Train/Test ratio: 16.85
2023-04-12 04:57:48,323 - INFO - Real/Fake ratio in training: 0.135 (pos_weight)
2023-04-12 04:58:19,137 - INFO - Model summary:
==========================================================================================
Layer (type:depth-idx)                   Output Shape              Param #
==========================================================================================
ShallowCNN                               [128, 1]                  --
├─Conv2d: 1-1                            [128, 32, 39, 971]        544
├─MaxPool2d: 1-2                         [128, 32, 19, 485]        --
├─Conv2d: 1-3                            [128, 48, 17, 483]        38,448
├─MaxPool2d: 1-4                         [128, 48, 8, 241]         --
├─Conv2d: 1-5                            [128, 64, 7, 240]         49,216
├─MaxPool2d: 1-6                         [128, 64, 3, 120]         --
├─Conv2d: 1-7                            [128, 128, 4, 119]        65,664
├─MaxPool2d: 1-8                         [128, 128, 2, 59]         --
├─Linear: 1-9                            [128, 128]                1,933,440
├─Linear: 1-10                           [128, 1]                  129
==========================================================================================
Total params: 2,087,441
Trainable params: 2,087,441
Non-trainable params: 0
Total mult-adds (G): 57.88
==========================================================================================
Input size (MB): 19.91
Forward/backward pass size (MB): 1817.10
Params size (MB): 8.35
Estimated Total Size (MB): 1845.36
==========================================================================================
2023-04-12 04:58:19,172 - INFO - Loaded checkpoint from epoch 7
2023-04-12 06:20:01,868 - INFO - [008]: loss: 0.0054 - train acc: 99.11 - test acc: 92.73 - test eer : 0.1103
2023-04-12 06:20:01,872 - INFO - Best Test Accuracy: 92.729
2023-04-12 06:20:04,948 - INFO - Best Model Saved: saved/ShallowCNN_lfcc_O/best.pt
2023-04-12 06:20:04,959 - INFO - Prediction Saved: saved/ShallowCNN_lfcc_O/best_pred.json
