2023-04-10 07:26:17,400 - INFO - Batch size: 128, seed: None, epochs: 15
2023-04-10 07:26:17,401 - INFO - Training model: ShallowCNN
2023-04-10 07:26:17,401 - INFO - Input feature : mfcc
2023-04-10 07:26:17,402 - INFO - Model kwargs  : {
  "in_features": 1,
  "out_dim": 1,
  "device": "cuda"
}
2023-04-10 07:26:17,405 - INFO - Loading data...
2023-04-10 07:26:17,607 - INFO - Loading data from /mnt/real...!
2023-04-10 07:26:17,888 - INFO - Loading data from /mnt/fake/ljspeech_melgan...!
2023-04-10 07:26:17,889 - INFO - Training model on 20960 audio files.
2023-04-10 07:26:17,889 - INFO - Testing model on  5240 audio files.
2023-04-10 07:26:17,889 - INFO - Train/Test ratio: 4.0
2023-04-10 07:26:17,889 - INFO - Real/Fake ratio in training: 1.0 (pos_weight)
2023-04-10 07:26:22,126 - INFO - Model summary:
==========================================================================================
Layer (type:depth-idx)                   Output Shape              Param #
==========================================================================================
ShallowCNN                               [128, 1]                  --
├─Conv2d: 1-1                            [128, 32, 39, 971]        544
├─MaxPool2d: 1-2                         [128, 32, 19, 485]        --
├─Conv2d: 1-3                            [128, 48, 17, 483]        38,448
├─MaxPool2d: 1-4                         [128, 48, 8, 241]         --
├─Conv2d: 1-5                            [128, 64, 7, 240]         49,216
├─MaxPool2d: 1-6                         [128, 64, 3, 120]         --
├─Conv2d: 1-7                            [128, 128, 4, 119]        65,664
├─MaxPool2d: 1-8                         [128, 128, 2, 59]         --
├─Linear: 1-9                            [128, 128]                1,933,440
├─Linear: 1-10                           [128, 1]                  129
==========================================================================================
Total params: 2,087,441
Trainable params: 2,087,441
Non-trainable params: 0
Total mult-adds (G): 57.88
==========================================================================================
Input size (MB): 19.91
Forward/backward pass size (MB): 1817.10
Params size (MB): 8.35
Estimated Total Size (MB): 1845.36
==========================================================================================
2023-04-10 08:04:40,051 - INFO - [000]: loss: 0.6754 - train acc: 57.52 - test acc: 55.32 - test eer : 0.4717
2023-04-10 08:04:40,062 - INFO - Best Test Accuracy: 55.324
2023-04-10 08:04:46,483 - INFO - Best Model Saved: saved/ShallowCNN_mfcc_I/best.pt
2023-04-10 08:04:46,509 - INFO - Prediction Saved: saved/ShallowCNN_mfcc_I/best_pred.json
2023-04-10 08:33:08,431 - INFO - [001]: loss: 0.3991 - train acc: 82.65 - test acc: 93.95 - test eer : 0.0808
2023-04-10 08:33:08,435 - INFO - Best Test Accuracy: 93.95
2023-04-10 08:33:15,927 - INFO - Best Model Saved: saved/ShallowCNN_mfcc_I/best.pt
2023-04-10 08:33:15,944 - INFO - Prediction Saved: saved/ShallowCNN_mfcc_I/best_pred.json
2023-04-10 09:06:54,539 - INFO - [002]: loss: 0.1826 - train acc: 93.82 - test acc: 92.12 - test eer : 0.1318
2023-04-10 09:46:58,267 - INFO - [003]: loss: 0.1189 - train acc: 95.88 - test acc: 95.23 - test eer : 0.0827
2023-04-10 09:46:58,268 - INFO - Best Test Accuracy: 95.229
2023-04-10 09:47:05,351 - INFO - Best Model Saved: saved/ShallowCNN_mfcc_I/best.pt
2023-04-10 09:47:05,359 - INFO - Prediction Saved: saved/ShallowCNN_mfcc_I/best_pred.json
2023-04-10 10:28:07,955 - INFO - [004]: loss: 0.0573 - train acc: 98.31 - test acc: 97.81 - test eer : 0.0377
2023-04-10 10:28:07,955 - INFO - Best Test Accuracy: 97.805
2023-04-10 10:28:11,071 - INFO - Best Model Saved: saved/ShallowCNN_mfcc_I/best.pt
2023-04-10 10:28:11,081 - INFO - Prediction Saved: saved/ShallowCNN_mfcc_I/best_pred.json
2023-04-10 11:17:14,976 - INFO - [005]: loss: 0.0581 - train acc: 97.98 - test acc: 98.63 - test eer : 0.0207
2023-04-10 11:17:14,977 - INFO - Best Test Accuracy: 98.626
2023-04-10 11:17:24,592 - INFO - Best Model Saved: saved/ShallowCNN_mfcc_I/best.pt
2023-04-10 11:17:24,601 - INFO - Prediction Saved: saved/ShallowCNN_mfcc_I/best_pred.json
2023-04-10 12:04:08,722 - INFO - [006]: loss: 0.0326 - train acc: 99.0 - test acc: 94.33 - test eer : 0.1018
2023-04-10 12:46:54,971 - INFO - [007]: loss: 0.0191 - train acc: 99.45 - test acc: 99.08 - test eer : 0.0162
2023-04-10 12:46:54,971 - INFO - Best Test Accuracy: 99.084
2023-04-10 12:47:02,457 - INFO - Best Model Saved: saved/ShallowCNN_mfcc_I/best.pt
2023-04-10 12:47:02,468 - INFO - Prediction Saved: saved/ShallowCNN_mfcc_I/best_pred.json
2023-04-10 13:23:35,415 - INFO - [008]: loss: 0.0993 - train acc: 96.94 - test acc: 99.14 - test eer : 0.0162
2023-04-10 13:23:35,415 - INFO - Best Test Accuracy: 99.141
2023-04-10 13:23:38,569 - INFO - Best Model Saved: saved/ShallowCNN_mfcc_I/best.pt
2023-04-10 13:23:38,577 - INFO - Prediction Saved: saved/ShallowCNN_mfcc_I/best_pred.json
2023-04-10 13:57:40,124 - INFO - [009]: loss: 0.0128 - train acc: 99.79 - test acc: 99.06 - test eer : 0.018
2023-04-10 14:32:02,094 - INFO - [010]: loss: 0.008 - train acc: 99.86 - test acc: 99.5 - test eer : 0.0091
2023-04-10 14:32:02,095 - INFO - Best Test Accuracy: 99.504
2023-04-10 14:32:05,261 - INFO - Best Model Saved: saved/ShallowCNN_mfcc_I/best.pt
2023-04-10 14:32:05,269 - INFO - Prediction Saved: saved/ShallowCNN_mfcc_I/best_pred.json
2023-04-10 15:07:05,433 - INFO - [011]: loss: 0.0104 - train acc: 99.71 - test acc: 96.95 - test eer : 0.0576
2023-04-10 15:41:55,978 - INFO - [012]: loss: 0.0088 - train acc: 99.76 - test acc: 99.56 - test eer : 0.0087
2023-04-10 15:41:55,979 - INFO - Best Test Accuracy: 99.561
2023-04-10 15:42:03,056 - INFO - Best Model Saved: saved/ShallowCNN_mfcc_I/best.pt
2023-04-10 15:42:03,066 - INFO - Prediction Saved: saved/ShallowCNN_mfcc_I/best_pred.json
2023-04-10 16:16:49,563 - INFO - [013]: loss: 0.005 - train acc: 99.9 - test acc: 99.71 - test eer : 0.0053
2023-04-10 16:16:49,564 - INFO - Best Test Accuracy: 99.714
2023-04-10 16:16:52,674 - INFO - Best Model Saved: saved/ShallowCNN_mfcc_I/best.pt
2023-04-10 16:16:52,684 - INFO - Prediction Saved: saved/ShallowCNN_mfcc_I/best_pred.json
2023-04-10 16:58:27,304 - INFO - [014]: loss: 0.2465 - train acc: 94.04 - test acc: 98.99 - test eer : 0.0184
