2023-04-12 17:38:12,251 - INFO - Training model: ShallowCNN
2023-04-12 17:38:12,252 - INFO - Input feature : mfcc
2023-04-12 17:38:12,252 - INFO - Model kwargs  : {
  "in_features": 1,
  "out_dim": 1,
  "device": "cuda"
}
2023-04-12 17:38:12,255 - INFO - Loading data...
2023-04-12 17:38:12,390 - INFO - Loading data from /mnt/Data/real...!
2023-04-12 17:38:12,695 - INFO - Loading data from /mnt/Data/fake/ljspeech_melgan...!
2023-04-12 17:38:12,840 - INFO - Loading data from /mnt/Data/fake/ljspeech_full_band_melgan...!
2023-04-12 17:38:13,066 - INFO - Loading data from /mnt/Data/fake/ljspeech_hifiGAN...!
2023-04-12 17:38:13,261 - INFO - Loading data from /mnt/Data/fake/ljspeech_melgan_large...!
2023-04-12 17:38:13,565 - INFO - Loading data from /mnt/Data/fake/ljspeech_multi_band_melgan...!
2023-04-12 17:38:13,718 - INFO - Loading data from /mnt/Data/fake/ljspeech_parallel_wavegan...!
2023-04-12 17:38:13,863 - INFO - Loading data from /mnt/Data/fake/ljspeech_waveglow...!
2023-04-12 17:38:13,866 - INFO - Training model on 88294 audio files.
2023-04-12 17:38:13,866 - INFO - Testing model on  5240 audio files.
2023-04-12 17:38:13,866 - INFO - Train/Test ratio: 16.85
2023-04-12 17:38:13,867 - INFO - Real/Fake ratio in training: 0.135 (pos_weight)
2023-04-12 17:38:43,559 - INFO - Model summary:
==========================================================================================
Layer (type:depth-idx)                   Output Shape              Param #
==========================================================================================
ShallowCNN                               [128, 1]                  --
├─Conv2d: 1-1                            [128, 32, 39, 971]        544
├─MaxPool2d: 1-2                         [128, 32, 19, 485]        --
├─Conv2d: 1-3                            [128, 48, 17, 483]        38,448
├─MaxPool2d: 1-4                         [128, 48, 8, 241]         --
├─Conv2d: 1-5                            [128, 64, 7, 240]         49,216
├─MaxPool2d: 1-6                         [128, 64, 3, 120]         --
├─Conv2d: 1-7                            [128, 128, 4, 119]        65,664
├─MaxPool2d: 1-8                         [128, 128, 2, 59]         --
├─Linear: 1-9                            [128, 128]                1,933,440
├─Linear: 1-10                           [128, 1]                  129
==========================================================================================
Total params: 2,087,441
Trainable params: 2,087,441
Non-trainable params: 0
Total mult-adds (G): 57.88
==========================================================================================
Input size (MB): 19.91
Forward/backward pass size (MB): 1817.10
Params size (MB): 8.35
Estimated Total Size (MB): 1845.36
==========================================================================================
2023-04-12 19:00:29,968 - INFO - [000]: loss: 0.0754 - train acc: 88.03 - test acc: 50.02 - test eer : 0.4999
2023-04-12 19:00:29,969 - INFO - Best Test Accuracy: 50.019
2023-04-12 19:00:33,026 - INFO - Best Model Saved: saved/ShallowCNN_mfcc_O/best.pt
2023-04-12 19:00:33,034 - INFO - Prediction Saved: saved/ShallowCNN_mfcc_O/best_pred.json
2023-04-12 20:24:28,409 - INFO - [001]: loss: 0.0592 - train acc: 89.14 - test acc: 50.25 - test eer : 0.4988
2023-04-12 20:24:28,409 - INFO - Best Test Accuracy: 50.248
2023-04-12 20:24:31,470 - INFO - Best Model Saved: saved/ShallowCNN_mfcc_O/best.pt
2023-04-12 20:24:31,478 - INFO - Prediction Saved: saved/ShallowCNN_mfcc_O/best_pred.json
2023-04-12 21:47:41,939 - INFO - [002]: loss: 0.0413 - train acc: 92.0 - test acc: 63.84 - test eer : 0.4196
2023-04-12 21:47:41,939 - INFO - Best Test Accuracy: 63.836
2023-04-12 21:47:44,992 - INFO - Best Model Saved: saved/ShallowCNN_mfcc_O/best.pt
2023-04-12 21:47:44,999 - INFO - Prediction Saved: saved/ShallowCNN_mfcc_O/best_pred.json
2023-04-12 23:10:57,022 - INFO - [003]: loss: 0.0366 - train acc: 93.75 - test acc: 52.29 - test eer : 0.4883
2023-04-13 00:33:16,815 - INFO - [004]: loss: 0.0235 - train acc: 95.42 - test acc: 85.9 - test eer : 0.2121
2023-04-13 00:33:16,816 - INFO - Best Test Accuracy: 85.897
2023-04-13 00:33:19,877 - INFO - Best Model Saved: saved/ShallowCNN_mfcc_O/best.pt
2023-04-13 00:33:19,885 - INFO - Prediction Saved: saved/ShallowCNN_mfcc_O/best_pred.json
2023-04-13 01:56:34,481 - INFO - [005]: loss: 0.0166 - train acc: 97.04 - test acc: 74.77 - test eer : 0.335
2023-04-13 03:19:57,543 - INFO - [006]: loss: 0.0131 - train acc: 97.62 - test acc: 90.73 - test eer : 0.1393
2023-04-13 03:19:57,543 - INFO - Best Test Accuracy: 90.725
2023-04-13 03:20:00,602 - INFO - Best Model Saved: saved/ShallowCNN_mfcc_O/best.pt
2023-04-13 03:20:00,611 - INFO - Prediction Saved: saved/ShallowCNN_mfcc_O/best_pred.json
2023-04-13 04:43:48,827 - INFO - [007]: loss: 0.0135 - train acc: 97.71 - test acc: 84.68 - test eer : 0.2297
2023-04-13 06:08:07,773 - INFO - [008]: loss: 0.0106 - train acc: 98.06 - test acc: 91.98 - test eer : 0.1241
2023-04-13 06:08:07,773 - INFO - Best Test Accuracy: 91.985
2023-04-13 06:08:10,830 - INFO - Best Model Saved: saved/ShallowCNN_mfcc_O/best.pt
2023-04-13 06:08:10,838 - INFO - Prediction Saved: saved/ShallowCNN_mfcc_O/best_pred.json
2023-04-13 07:32:06,025 - INFO - [009]: loss: 0.01 - train acc: 98.3 - test acc: 84.54 - test eer : 0.2348
