2023-04-13 20:20:16,534 - INFO - Training model: ShallowCNN
2023-04-13 20:20:16,534 - INFO - Input feature : mfcc
2023-04-13 20:20:16,535 - INFO - Model kwargs  : {
  "in_features": 1,
  "out_dim": 1,
  "device": "cuda"
}
2023-04-13 20:20:16,537 - INFO - Loading data...
2023-04-13 20:20:16,681 - INFO - Loading data from /mnt/Data/real...!
2023-04-13 20:20:16,889 - INFO - Loading data from /mnt/Data/fake/ljspeech_melgan...!
2023-04-13 20:20:17,037 - INFO - Loading data from /mnt/Data/fake/ljspeech_full_band_melgan...!
2023-04-13 20:20:17,190 - INFO - Loading data from /mnt/Data/fake/ljspeech_hifiGAN...!
2023-04-13 20:20:17,336 - INFO - Loading data from /mnt/Data/fake/ljspeech_melgan_large...!
2023-04-13 20:20:17,563 - INFO - Loading data from /mnt/Data/fake/ljspeech_multi_band_melgan...!
2023-04-13 20:20:17,738 - INFO - Loading data from /mnt/Data/fake/ljspeech_parallel_wavegan...!
2023-04-13 20:20:17,894 - INFO - Loading data from /mnt/Data/fake/ljspeech_waveglow...!
2023-04-13 20:20:17,896 - INFO - Training model on 88294 audio files.
2023-04-13 20:20:17,897 - INFO - Testing model on  5240 audio files.
2023-04-13 20:20:17,897 - INFO - Train/Test ratio: 16.85
2023-04-13 20:20:17,897 - INFO - Real/Fake ratio in training: 0.135 (pos_weight)
2023-04-13 20:20:38,777 - INFO - Model summary:
==========================================================================================
Layer (type:depth-idx)                   Output Shape              Param #
==========================================================================================
ShallowCNN                               [128, 1]                  --
├─Conv2d: 1-1                            [128, 32, 39, 971]        544
├─MaxPool2d: 1-2                         [128, 32, 19, 485]        --
├─Conv2d: 1-3                            [128, 48, 17, 483]        38,448
├─MaxPool2d: 1-4                         [128, 48, 8, 241]         --
├─Conv2d: 1-5                            [128, 64, 7, 240]         49,216
├─MaxPool2d: 1-6                         [128, 64, 3, 120]         --
├─Conv2d: 1-7                            [128, 128, 4, 119]        65,664
├─MaxPool2d: 1-8                         [128, 128, 2, 59]         --
├─Linear: 1-9                            [128, 128]                1,933,440
├─Linear: 1-10                           [128, 1]                  129
==========================================================================================
Total params: 2,087,441
Trainable params: 2,087,441
Non-trainable params: 0
Total mult-adds (G): 57.88
==========================================================================================
Input size (MB): 19.91
Forward/backward pass size (MB): 1817.10
Params size (MB): 8.35
Estimated Total Size (MB): 1845.36
==========================================================================================
2023-04-13 20:20:38,801 - INFO - Loaded checkpoint from epoch 8
2023-04-13 21:45:13,128 - INFO - [009]: loss: 0.0072 - train acc: 98.72 - test acc: 91.55 - test eer : 0.1224
2023-04-13 21:45:13,129 - INFO - Best Test Accuracy: 91.546
2023-04-13 21:45:16,193 - INFO - Best Model Saved: saved/ShallowCNN_mfcc_O/best.pt
2023-04-13 21:45:16,200 - INFO - Prediction Saved: saved/ShallowCNN_mfcc_O/best_pred.json
2023-04-13 23:08:58,566 - INFO - [010]: loss: 0.0092 - train acc: 98.44 - test acc: 57.19 - test eer : 0.4612
2023-04-14 00:32:25,001 - INFO - [011]: loss: 0.0059 - train acc: 98.97 - test acc: 94.18 - test eer : 0.0743
2023-04-14 00:32:25,002 - INFO - Best Test Accuracy: 94.179
2023-04-14 00:32:28,059 - INFO - Best Model Saved: saved/ShallowCNN_mfcc_O/best.pt
2023-04-14 00:32:28,067 - INFO - Prediction Saved: saved/ShallowCNN_mfcc_O/best_pred.json
2023-04-14 01:55:54,106 - INFO - [012]: loss: 0.0057 - train acc: 99.02 - test acc: 75.15 - test eer : 0.332
2023-04-14 03:19:17,072 - INFO - [013]: loss: 0.006 - train acc: 98.98 - test acc: 91.93 - test eer : 0.1332
