2023-04-10 07:25:48,855 - INFO - Batch size: 128, seed: None, epochs: 15
2023-04-10 07:25:48,856 - INFO - Training model: ShallowCNN
2023-04-10 07:25:48,856 - INFO - Input feature : lfcc
2023-04-10 07:25:48,856 - INFO - Model kwargs  : {
  "in_features": 1,
  "out_dim": 1,
  "device": "cuda"
}
2023-04-10 07:25:48,859 - INFO - Loading data...
2023-04-10 07:25:49,029 - INFO - Loading data from /mnt/real...!
2023-04-10 07:25:49,258 - INFO - Loading data from /mnt/fake/ljspeech_melgan...!
2023-04-10 07:25:49,259 - INFO - Training model on 20960 audio files.
2023-04-10 07:25:49,259 - INFO - Testing model on  5240 audio files.
2023-04-10 07:25:49,260 - INFO - Train/Test ratio: 4.0
2023-04-10 07:25:49,260 - INFO - Real/Fake ratio in training: 1.0 (pos_weight)
2023-04-10 07:26:20,747 - INFO - Model summary:
==========================================================================================
Layer (type:depth-idx)                   Output Shape              Param #
==========================================================================================
ShallowCNN                               [128, 1]                  --
├─Conv2d: 1-1                            [128, 32, 39, 971]        544
├─MaxPool2d: 1-2                         [128, 32, 19, 485]        --
├─Conv2d: 1-3                            [128, 48, 17, 483]        38,448
├─MaxPool2d: 1-4                         [128, 48, 8, 241]         --
├─Conv2d: 1-5                            [128, 64, 7, 240]         49,216
├─MaxPool2d: 1-6                         [128, 64, 3, 120]         --
├─Conv2d: 1-7                            [128, 128, 4, 119]        65,664
├─MaxPool2d: 1-8                         [128, 128, 2, 59]         --
├─Linear: 1-9                            [128, 128]                1,933,440
├─Linear: 1-10                           [128, 1]                  129
==========================================================================================
Total params: 2,087,441
Trainable params: 2,087,441
Non-trainable params: 0
Total mult-adds (G): 57.88
==========================================================================================
Input size (MB): 19.91
Forward/backward pass size (MB): 1817.10
Params size (MB): 8.35
Estimated Total Size (MB): 1845.36
==========================================================================================
2023-04-10 08:04:43,161 - INFO - [000]: loss: 0.443 - train acc: 77.72 - test acc: 98.36 - test eer : 0.019
2023-04-10 08:04:43,169 - INFO - Best Test Accuracy: 98.359
2023-04-10 08:04:49,986 - INFO - Best Model Saved: saved/ShallowCNN_lfcc_I/best.pt
2023-04-10 08:04:50,012 - INFO - Prediction Saved: saved/ShallowCNN_lfcc_I/best_pred.json
2023-04-10 08:33:12,060 - INFO - [001]: loss: 0.0525 - train acc: 98.7 - test acc: 99.39 - test eer : 0.0072
2023-04-10 08:33:12,071 - INFO - Best Test Accuracy: 99.389
2023-04-10 08:33:19,841 - INFO - Best Model Saved: saved/ShallowCNN_lfcc_I/best.pt
2023-04-10 08:33:19,865 - INFO - Prediction Saved: saved/ShallowCNN_lfcc_I/best_pred.json
2023-04-10 09:06:58,649 - INFO - [002]: loss: 0.0218 - train acc: 99.47 - test acc: 99.14 - test eer : 0.0169
2023-04-10 09:47:01,507 - INFO - [003]: loss: 0.0144 - train acc: 99.63 - test acc: 99.37 - test eer : 0.0121
2023-04-10 10:28:03,698 - INFO - [004]: loss: 0.0399 - train acc: 98.9 - test acc: 96.95 - test eer : 0.0572
2023-04-10 11:17:10,501 - INFO - [005]: loss: 0.0097 - train acc: 99.77 - test acc: 99.89 - test eer : 0.0011
2023-04-10 11:17:10,504 - INFO - Best Test Accuracy: 99.885
2023-04-10 11:17:19,615 - INFO - Best Model Saved: saved/ShallowCNN_lfcc_I/best.pt
2023-04-10 11:17:19,631 - INFO - Prediction Saved: saved/ShallowCNN_lfcc_I/best_pred.json
2023-04-10 12:04:03,695 - INFO - [006]: loss: 0.0046 - train acc: 99.92 - test acc: 99.89 - test eer : 0.0011
2023-04-10 12:46:51,352 - INFO - [007]: loss: 0.004 - train acc: 99.93 - test acc: 99.92 - test eer : 0.0008
2023-04-10 12:46:51,355 - INFO - Best Test Accuracy: 99.924
2023-04-10 12:46:58,850 - INFO - Best Model Saved: saved/ShallowCNN_lfcc_I/best.pt
2023-04-10 12:46:58,864 - INFO - Prediction Saved: saved/ShallowCNN_lfcc_I/best_pred.json
2023-04-10 13:23:31,886 - INFO - [008]: loss: 0.0045 - train acc: 99.9 - test acc: 99.92 - test eer : 0.0008
2023-04-10 13:57:36,348 - INFO - [009]: loss: 0.0035 - train acc: 99.94 - test acc: 99.87 - test eer : 0.0027
2023-04-10 14:31:58,767 - INFO - [010]: loss: 0.0031 - train acc: 99.93 - test acc: 99.9 - test eer : 0.0015
2023-04-10 15:07:01,866 - INFO - [011]: loss: 0.0029 - train acc: 99.92 - test acc: 99.94 - test eer : 0.0008
2023-04-10 15:07:01,866 - INFO - Best Test Accuracy: 99.943
2023-04-10 15:07:09,161 - INFO - Best Model Saved: saved/ShallowCNN_lfcc_I/best.pt
2023-04-10 15:07:09,172 - INFO - Prediction Saved: saved/ShallowCNN_lfcc_I/best_pred.json
2023-04-10 15:41:59,498 - INFO - [012]: loss: 0.0024 - train acc: 99.94 - test acc: 99.89 - test eer : 0.0023
2023-04-10 16:16:45,726 - INFO - [013]: loss: 0.0018 - train acc: 99.97 - test acc: 99.94 - test eer : 0.0011
2023-04-10 16:58:22,805 - INFO - [014]: loss: 0.0032 - train acc: 99.91 - test acc: 99.92 - test eer : 0.0008
