2023-04-10 20:34:47,817 - INFO - Training model: TSSD
2023-04-10 20:34:47,818 - INFO - Input feature : wave
2023-04-10 20:34:47,818 - INFO - Model kwargs  : {
  "in_dim": 64600,
  "device": "cuda"
}
2023-04-10 20:34:47,821 - INFO - Loading data...
2023-04-10 20:34:47,979 - INFO - Loading data from /mnt/Data/real...!
2023-04-10 20:34:48,201 - INFO - Loading data from /mnt/Data/fake/ljspeech_melgan...!
2023-04-10 20:34:48,202 - INFO - Training model on 20960 audio files.
2023-04-10 20:34:48,202 - INFO - Testing model on  5240 audio files.
2023-04-10 20:34:48,203 - INFO - Train/Test ratio: 4.0
2023-04-10 20:34:48,203 - INFO - Real/Fake ratio in training: 1.0 (pos_weight)
2023-04-10 20:35:20,415 - INFO - Model summary:
==========================================================================================
Layer (type:depth-idx)                   Output Shape              Param #
==========================================================================================
TSSD                                     [64, 1]                   --
├─Conv1d: 1-1                            [64, 16, 64600]           112
├─BatchNorm1d: 1-2                       [64, 16, 64600]           32
├─RSM1D: 1-3                             [64, 32, 16150]           --
│    └─Conv1d: 2-1                       [64, 32, 16150]           1,536
│    └─BatchNorm1d: 2-2                  [64, 32, 16150]           64
│    └─Conv1d: 2-3                       [64, 32, 16150]           3,072
│    └─BatchNorm1d: 2-4                  [64, 32, 16150]           64
│    └─Conv1d: 2-5                       [64, 32, 16150]           3,072
│    └─Conv1d: 2-6                       [64, 32, 16150]           512
│    └─BatchNorm1d: 2-7                  [64, 32, 16150]           64
├─RSM1D: 1-4                             [64, 64, 4037]            --
│    └─Conv1d: 2-8                       [64, 64, 4037]            6,144
│    └─BatchNorm1d: 2-9                  [64, 64, 4037]            128
│    └─Conv1d: 2-10                      [64, 64, 4037]            12,288
│    └─BatchNorm1d: 2-11                 [64, 64, 4037]            128
│    └─Conv1d: 2-12                      [64, 64, 4037]            12,288
│    └─Conv1d: 2-13                      [64, 64, 4037]            2,048
│    └─BatchNorm1d: 2-14                 [64, 64, 4037]            128
├─RSM1D: 1-5                             [64, 128, 1009]           --
│    └─Conv1d: 2-15                      [64, 128, 1009]           24,576
│    └─BatchNorm1d: 2-16                 [64, 128, 1009]           256
│    └─Conv1d: 2-17                      [64, 128, 1009]           49,152
│    └─BatchNorm1d: 2-18                 [64, 128, 1009]           256
│    └─Conv1d: 2-19                      [64, 128, 1009]           49,152
│    └─Conv1d: 2-20                      [64, 128, 1009]           8,192
│    └─BatchNorm1d: 2-21                 [64, 128, 1009]           256
├─RSM1D: 1-6                             [64, 128, 252]            --
│    └─Conv1d: 2-22                      [64, 128, 252]            49,152
│    └─BatchNorm1d: 2-23                 [64, 128, 252]            256
│    └─Conv1d: 2-24                      [64, 128, 252]            49,152
│    └─BatchNorm1d: 2-25                 [64, 128, 252]            256
│    └─Conv1d: 2-26                      [64, 128, 252]            49,152
│    └─Conv1d: 2-27                      [64, 128, 252]            16,384
│    └─BatchNorm1d: 2-28                 [64, 128, 252]            256
├─Linear: 1-7                            [64, 64]                  8,256
├─Linear: 1-8                            [64, 32]                  2,080
├─Linear: 1-9                            [64, 1]                   33
==========================================================================================
Total params: 348,497
Trainable params: 348,497
Non-trainable params: 0
Total mult-adds (G): 28.50
==========================================================================================
Input size (MB): 16.54
Forward/backward pass size (MB): 4415.14
Params size (MB): 1.39
Estimated Total Size (MB): 4433.08
==========================================================================================
2023-04-10 20:57:51,070 - INFO - [000]: loss: 0.2719 - train acc: 87.13 - test acc: 94.37 - test eer : 0.0982
2023-04-10 20:57:51,070 - INFO - Best Test Accuracy: 94.37
2023-04-10 20:57:54,120 - INFO - Best Model Saved: saved/TSSD_wave_I/best.pt
2023-04-10 20:57:54,127 - INFO - Prediction Saved: saved/TSSD_wave_I/best_pred.json
2023-04-10 21:21:02,595 - INFO - [001]: loss: 0.0364 - train acc: 98.66 - test acc: 99.45 - test eer : 0.0065
2023-04-10 21:21:02,595 - INFO - Best Test Accuracy: 99.447
2023-04-10 21:21:05,651 - INFO - Best Model Saved: saved/TSSD_wave_I/best.pt
2023-04-10 21:21:05,658 - INFO - Prediction Saved: saved/TSSD_wave_I/best_pred.json
2023-04-10 21:43:24,739 - INFO - [002]: loss: 0.0177 - train acc: 99.29 - test acc: 99.14 - test eer : 0.014
2023-04-10 22:05:40,892 - INFO - [003]: loss: 0.0106 - train acc: 99.63 - test acc: 99.45 - test eer : 0.0098
2023-04-10 22:27:45,765 - INFO - [004]: loss: 0.0069 - train acc: 99.76 - test acc: 99.45 - test eer : 0.0098
2023-04-10 22:49:30,165 - INFO - [005]: loss: 0.0039 - train acc: 99.86 - test acc: 98.89 - test eer : 0.0202
2023-04-10 23:12:10,775 - INFO - [006]: loss: 0.0055 - train acc: 99.8 - test acc: 99.52 - test eer : 0.0057
2023-04-10 23:12:10,775 - INFO - Best Test Accuracy: 99.523
2023-04-10 23:12:13,835 - INFO - Best Model Saved: saved/TSSD_wave_I/best.pt
2023-04-10 23:12:13,842 - INFO - Prediction Saved: saved/TSSD_wave_I/best_pred.json
2023-04-10 23:34:06,982 - INFO - [007]: loss: 0.0026 - train acc: 99.92 - test acc: 98.95 - test eer : 0.0195
2023-04-10 23:55:56,039 - INFO - [008]: loss: 0.0051 - train acc: 99.83 - test acc: 99.47 - test eer : 0.0091
2023-04-11 00:17:50,929 - INFO - [009]: loss: 0.0035 - train acc: 99.88 - test acc: 99.48 - test eer : 0.0091
