2023-04-11 06:52:32,201 - INFO - Training model: TSSD
2023-04-11 06:52:32,202 - INFO - Input feature : wave
2023-04-11 06:52:32,202 - INFO - Model kwargs  : {
  "in_dim": 64600,
  "device": "cuda"
}
2023-04-11 06:52:32,204 - INFO - Loading data...
2023-04-11 06:52:32,337 - INFO - Loading data from /mnt/Data/real...!
2023-04-11 06:52:32,536 - INFO - Loading data from /mnt/Data/fake/ljspeech_melgan...!
2023-04-11 06:52:32,537 - INFO - Training model on 20960 audio files.
2023-04-11 06:52:32,537 - INFO - Testing model on  5240 audio files.
2023-04-11 06:52:32,537 - INFO - Train/Test ratio: 4.0
2023-04-11 06:52:32,538 - INFO - Real/Fake ratio in training: 1.0 (pos_weight)
2023-04-11 06:52:54,115 - INFO - Model summary:
==========================================================================================
Layer (type:depth-idx)                   Output Shape              Param #
==========================================================================================
TSSD                                     [64, 1]                   --
├─Conv1d: 1-1                            [64, 16, 64600]           112
├─BatchNorm1d: 1-2                       [64, 16, 64600]           32
├─RSM1D: 1-3                             [64, 32, 16150]           --
│    └─Conv1d: 2-1                       [64, 32, 16150]           1,536
│    └─BatchNorm1d: 2-2                  [64, 32, 16150]           64
│    └─Conv1d: 2-3                       [64, 32, 16150]           3,072
│    └─BatchNorm1d: 2-4                  [64, 32, 16150]           64
│    └─Conv1d: 2-5                       [64, 32, 16150]           3,072
│    └─Conv1d: 2-6                       [64, 32, 16150]           512
│    └─BatchNorm1d: 2-7                  [64, 32, 16150]           64
├─RSM1D: 1-4                             [64, 64, 4037]            --
│    └─Conv1d: 2-8                       [64, 64, 4037]            6,144
│    └─BatchNorm1d: 2-9                  [64, 64, 4037]            128
│    └─Conv1d: 2-10                      [64, 64, 4037]            12,288
│    └─BatchNorm1d: 2-11                 [64, 64, 4037]            128
│    └─Conv1d: 2-12                      [64, 64, 4037]            12,288
│    └─Conv1d: 2-13                      [64, 64, 4037]            2,048
│    └─BatchNorm1d: 2-14                 [64, 64, 4037]            128
├─RSM1D: 1-5                             [64, 128, 1009]           --
│    └─Conv1d: 2-15                      [64, 128, 1009]           24,576
│    └─BatchNorm1d: 2-16                 [64, 128, 1009]           256
│    └─Conv1d: 2-17                      [64, 128, 1009]           49,152
│    └─BatchNorm1d: 2-18                 [64, 128, 1009]           256
│    └─Conv1d: 2-19                      [64, 128, 1009]           49,152
│    └─Conv1d: 2-20                      [64, 128, 1009]           8,192
│    └─BatchNorm1d: 2-21                 [64, 128, 1009]           256
├─RSM1D: 1-6                             [64, 128, 252]            --
│    └─Conv1d: 2-22                      [64, 128, 252]            49,152
│    └─BatchNorm1d: 2-23                 [64, 128, 252]            256
│    └─Conv1d: 2-24                      [64, 128, 252]            49,152
│    └─BatchNorm1d: 2-25                 [64, 128, 252]            256
│    └─Conv1d: 2-26                      [64, 128, 252]            49,152
│    └─Conv1d: 2-27                      [64, 128, 252]            16,384
│    └─BatchNorm1d: 2-28                 [64, 128, 252]            256
├─Linear: 1-7                            [64, 64]                  8,256
├─Linear: 1-8                            [64, 32]                  2,080
├─Linear: 1-9                            [64, 1]                   33
==========================================================================================
Total params: 348,497
Trainable params: 348,497
Non-trainable params: 0
Total mult-adds (G): 28.50
==========================================================================================
Input size (MB): 16.54
Forward/backward pass size (MB): 4415.14
Params size (MB): 1.39
Estimated Total Size (MB): 4433.08
==========================================================================================
2023-04-11 06:52:54,222 - INFO - Loaded checkpoint from epoch 6
2023-04-11 07:16:43,095 - INFO - [007]: loss: 0.0041 - train acc: 99.85 - test acc: 98.42 - test eer : 0.03
2023-04-11 07:16:43,095 - INFO - Best Test Accuracy: 98.416
2023-04-11 07:16:46,150 - INFO - Best Model Saved: saved/TSSD_wave_I/best.pt
2023-04-11 07:16:46,159 - INFO - Prediction Saved: saved/TSSD_wave_I/best_pred.json
2023-04-11 07:39:13,492 - INFO - [008]: loss: 0.0018 - train acc: 99.96 - test acc: 99.69 - test eer : 0.0042
2023-04-11 07:39:13,492 - INFO - Best Test Accuracy: 99.695
2023-04-11 07:39:16,543 - INFO - Best Model Saved: saved/TSSD_wave_I/best.pt
2023-04-11 07:39:16,551 - INFO - Prediction Saved: saved/TSSD_wave_I/best_pred.json
2023-04-11 08:01:54,746 - INFO - [009]: loss: 0.0012 - train acc: 99.97 - test acc: 99.68 - test eer : 0.0053
2023-04-11 08:23:42,078 - INFO - [010]: loss: 0.0012 - train acc: 99.98 - test acc: 99.68 - test eer : 0.0053
2023-04-11 08:45:22,660 - INFO - [011]: loss: 0.0061 - train acc: 99.76 - test acc: 99.64 - test eer : 0.0053
